{"/Users/joshua/non-work-dev/read-queue/__testSetup__/index.js": {"path":"/Users/joshua/non-work-dev/read-queue/__testSetup__/index.js","statementMap":{"0":{"start":{"line":1,"column":0},"end":{"line":1,"column":23}}},"fnMap":{},"branchMap":{},"s":{"0":2},"f":{},"b":{},"_coverageSchema":"332fd63041d2c1bcb487cc26dd0d5f7d97098a6c","hash":"0f3192fe9b25636c3d52f31ef795f286df4b6402"}
,"/Users/joshua/non-work-dev/read-queue/__testSetup__/polyfills.js": {"path":"/Users/joshua/non-work-dev/read-queue/__testSetup__/polyfills.js","statementMap":{"0":{"start":{"line":1,"column":0},"end":{"line":15,"column":2}}},"fnMap":{},"branchMap":{},"s":{"0":2},"f":{},"b":{},"_coverageSchema":"332fd63041d2c1bcb487cc26dd0d5f7d97098a6c","hash":"60b1234f66662e148b9143d233085e35483cb171"}
,"/Users/joshua/non-work-dev/read-queue/src/actions/index.js": {"path":"/Users/joshua/non-work-dev/read-queue/src/actions/index.js","statementMap":{"0":{"start":{"line":4,"column":32},"end":{"line":4,"column":50}},"1":{"start":{"line":5,"column":40},"end":{"line":5,"column":72}},"2":{"start":{"line":6,"column":42},"end":{"line":6,"column":76}},"3":{"start":{"line":7,"column":41},"end":{"line":7,"column":74}},"4":{"start":{"line":10,"column":25},"end":{"line":10,"column":28}},"5":{"start":{"line":11,"column":2},"end":{"line":14,"column":4}},"6":{"start":{"line":17,"column":25},"end":{"line":17,"column":36}},"7":{"start":{"line":18,"column":33},"end":{"line":18,"column":58}},"8":{"start":{"line":19,"column":35},"end":{"line":19,"column":62}},"9":{"start":{"line":20,"column":34},"end":{"line":20,"column":60}},"10":{"start":{"line":23,"column":2},"end":{"line":26,"column":4}},"11":{"start":{"line":29,"column":27},"end":{"line":29,"column":40}},"12":{"start":{"line":30,"column":35},"end":{"line":30,"column":62}},"13":{"start":{"line":31,"column":37},"end":{"line":31,"column":66}},"14":{"start":{"line":32,"column":36},"end":{"line":32,"column":64}},"15":{"start":{"line":35,"column":2},"end":{"line":38,"column":4}},"16":{"start":{"line":41,"column":37},"end":{"line":41,"column":60}},"17":{"start":{"line":42,"column":45},"end":{"line":42,"column":82}},"18":{"start":{"line":43,"column":47},"end":{"line":43,"column":86}},"19":{"start":{"line":44,"column":46},"end":{"line":44,"column":84}},"20":{"start":{"line":47,"column":2},"end":{"line":50,"column":4}}},"fnMap":{"0":{"name":"addTabToQueue","decl":{"start":{"line":9,"column":16},"end":{"line":9,"column":29}},"loc":{"start":{"line":9,"column":35},"end":{"line":15,"column":1}},"line":9},"1":{"name":"getQueue","decl":{"start":{"line":22,"column":16},"end":{"line":22,"column":24}},"loc":{"start":{"line":22,"column":27},"end":{"line":27,"column":1}},"line":22},"2":{"name":"clearQueue","decl":{"start":{"line":34,"column":16},"end":{"line":34,"column":26}},"loc":{"start":{"line":34,"column":29},"end":{"line":39,"column":1}},"line":34},"3":{"name":"removeTabFromQueue","decl":{"start":{"line":46,"column":16},"end":{"line":46,"column":34}},"loc":{"start":{"line":46,"column":42},"end":{"line":51,"column":1}},"line":46}},"branchMap":{},"s":{"0":1,"1":1,"2":1,"3":1,"4":1,"5":1,"6":1,"7":1,"8":1,"9":1,"10":1,"11":1,"12":1,"13":1,"14":1,"15":1,"16":1,"17":1,"18":1,"19":1,"20":1},"f":{"0":1,"1":1,"2":1,"3":1},"b":{},"_coverageSchema":"332fd63041d2c1bcb487cc26dd0d5f7d97098a6c","hash":"94fbe9deeb3d220ebf1bd9e85953fc7917bbaea1"}
,"/Users/joshua/non-work-dev/read-queue/src/utils/queue.js": {"path":"/Users/joshua/non-work-dev/read-queue/src/utils/queue.js","statementMap":{"0":{"start":{"line":3,"column":26},"end":{"line":3,"column":45}},"1":{"start":{"line":6,"column":2},"end":{"line":18,"column":5}},"2":{"start":{"line":7,"column":4},"end":{"line":17,"column":7}},"3":{"start":{"line":8,"column":6},"end":{"line":16,"column":7}},"4":{"start":{"line":9,"column":8},"end":{"line":9,"column":41}},"5":{"start":{"line":11,"column":22},"end":{"line":11,"column":53}},"6":{"start":{"line":12,"column":8},"end":{"line":14,"column":11}},"7":{"start":{"line":15,"column":8},"end":{"line":15,"column":23}},"8":{"start":{"line":22,"column":2},"end":{"line":42,"column":5}},"9":{"start":{"line":23,"column":4},"end":{"line":41,"column":5}},"10":{"start":{"line":24,"column":6},"end":{"line":24,"column":50}},"11":{"start":{"line":26,"column":6},"end":{"line":40,"column":8}},"12":{"start":{"line":31,"column":10},"end":{"line":38,"column":11}},"13":{"start":{"line":32,"column":12},"end":{"line":32,"column":45}},"14":{"start":{"line":34,"column":12},"end":{"line":36,"column":15}},"15":{"start":{"line":37,"column":12},"end":{"line":37,"column":27}},"16":{"start":{"line":46,"column":2},"end":{"line":46,"column":29}},"17":{"start":{"line":50,"column":16},"end":{"line":50,"column":59}},"18":{"start":{"line":51,"column":2},"end":{"line":53,"column":3}},"19":{"start":{"line":52,"column":4},"end":{"line":52,"column":20}},"20":{"start":{"line":54,"column":2},"end":{"line":54,"column":19}},"21":{"start":{"line":58,"column":2},"end":{"line":80,"column":5}},"22":{"start":{"line":59,"column":4},"end":{"line":79,"column":5}},"23":{"start":{"line":60,"column":6},"end":{"line":60,"column":16}},"24":{"start":{"line":62,"column":18},"end":{"line":62,"column":38}},"25":{"start":{"line":63,"column":6},"end":{"line":72,"column":8}},"26":{"start":{"line":64,"column":8},"end":{"line":71,"column":9}},"27":{"start":{"line":65,"column":30},"end":{"line":65,"column":52}},"28":{"start":{"line":66,"column":32},"end":{"line":66,"column":67}},"29":{"start":{"line":67,"column":10},"end":{"line":70,"column":13}},"30":{"start":{"line":73,"column":6},"end":{"line":73,"column":33}},"31":{"start":{"line":74,"column":6},"end":{"line":78,"column":7}},"32":{"start":{"line":75,"column":8},"end":{"line":75,"column":19}},"33":{"start":{"line":77,"column":8},"end":{"line":77,"column":18}},"34":{"start":{"line":85,"column":16},"end":{"line":85,"column":38}},"35":{"start":{"line":88,"column":25},"end":{"line":88,"column":51}},"36":{"start":{"line":91,"column":2},"end":{"line":96,"column":5}},"37":{"start":{"line":99,"column":2},"end":{"line":99,"column":31}},"38":{"start":{"line":102,"column":2},"end":{"line":102,"column":15}},"39":{"start":{"line":107,"column":16},"end":{"line":107,"column":38}},"40":{"start":{"line":109,"column":19},"end":{"line":109,"column":58}},"41":{"start":{"line":109,"column":40},"end":{"line":109,"column":57}},"42":{"start":{"line":111,"column":2},"end":{"line":111,"column":34}},"43":{"start":{"line":113,"column":2},"end":{"line":113,"column":18}},"44":{"start":{"line":117,"column":2},"end":{"line":130,"column":5}},"45":{"start":{"line":118,"column":4},"end":{"line":129,"column":6}},"46":{"start":{"line":123,"column":8},"end":{"line":127,"column":9}},"47":{"start":{"line":124,"column":10},"end":{"line":124,"column":43}},"48":{"start":{"line":126,"column":10},"end":{"line":126,"column":27}},"49":{"start":{"line":134,"column":2},"end":{"line":137,"column":5}},"50":{"start":{"line":135,"column":24},"end":{"line":135,"column":50}},"51":{"start":{"line":136,"column":4},"end":{"line":136,"column":57}}},"fnMap":{"0":{"name":"getChromeQueue","decl":{"start":{"line":5,"column":16},"end":{"line":5,"column":30}},"loc":{"start":{"line":5,"column":33},"end":{"line":19,"column":1}},"line":5},"1":{"name":"(anonymous_1)","decl":{"start":{"line":6,"column":21},"end":{"line":6,"column":22}},"loc":{"start":{"line":6,"column":42},"end":{"line":18,"column":3}},"line":6},"2":{"name":"(anonymous_2)","decl":{"start":{"line":7,"column":47},"end":{"line":7,"column":48}},"loc":{"start":{"line":7,"column":59},"end":{"line":17,"column":5}},"line":7},"3":{"name":"saveChromeQueue","decl":{"start":{"line":21,"column":16},"end":{"line":21,"column":31}},"loc":{"start":{"line":21,"column":39},"end":{"line":43,"column":1}},"line":21},"4":{"name":"(anonymous_4)","decl":{"start":{"line":22,"column":21},"end":{"line":22,"column":22}},"loc":{"start":{"line":22,"column":42},"end":{"line":42,"column":3}},"line":22},"5":{"name":"(anonymous_5)","decl":{"start":{"line":30,"column":8},"end":{"line":30,"column":9}},"loc":{"start":{"line":30,"column":14},"end":{"line":39,"column":9}},"line":30},"6":{"name":"clearChromeQueue","decl":{"start":{"line":45,"column":16},"end":{"line":45,"column":32}},"loc":{"start":{"line":45,"column":35},"end":{"line":47,"column":1}},"line":45},"7":{"name":"getTitle","decl":{"start":{"line":49,"column":9},"end":{"line":49,"column":17}},"loc":{"start":{"line":49,"column":25},"end":{"line":55,"column":1}},"line":49},"8":{"name":"followRedirects","decl":{"start":{"line":57,"column":9},"end":{"line":57,"column":24}},"loc":{"start":{"line":57,"column":41},"end":{"line":81,"column":1}},"line":57},"9":{"name":"(anonymous_9)","decl":{"start":{"line":58,"column":21},"end":{"line":58,"column":22}},"loc":{"start":{"line":58,"column":42},"end":{"line":80,"column":3}},"line":58},"10":{"name":"(anonymous_10)","decl":{"start":{"line":63,"column":31},"end":{"line":63,"column":32}},"loc":{"start":{"line":63,"column":37},"end":{"line":72,"column":7}},"line":63},"11":{"name":"addAndSaveQueue","decl":{"start":{"line":83,"column":22},"end":{"line":83,"column":37}},"loc":{"start":{"line":83,"column":43},"end":{"line":103,"column":1}},"line":83},"12":{"name":"removeTabAndSaveQueue","decl":{"start":{"line":105,"column":22},"end":{"line":105,"column":43}},"loc":{"start":{"line":105,"column":51},"end":{"line":114,"column":1}},"line":105},"13":{"name":"(anonymous_13)","decl":{"start":{"line":109,"column":32},"end":{"line":109,"column":33}},"loc":{"start":{"line":109,"column":40},"end":{"line":109,"column":57}},"line":109},"14":{"name":"getActiveTab","decl":{"start":{"line":116,"column":16},"end":{"line":116,"column":28}},"loc":{"start":{"line":116,"column":31},"end":{"line":131,"column":1}},"line":116},"15":{"name":"(anonymous_15)","decl":{"start":{"line":117,"column":21},"end":{"line":117,"column":22}},"loc":{"start":{"line":117,"column":42},"end":{"line":130,"column":3}},"line":117},"16":{"name":"(anonymous_16)","decl":{"start":{"line":122,"column":6},"end":{"line":122,"column":7}},"loc":{"start":{"line":122,"column":16},"end":{"line":128,"column":7}},"line":122},"17":{"name":"addQueueChangeListener","decl":{"start":{"line":133,"column":16},"end":{"line":133,"column":38}},"loc":{"start":{"line":133,"column":49},"end":{"line":138,"column":1}},"line":133},"18":{"name":"(anonymous_18)","decl":{"start":{"line":134,"column":39},"end":{"line":134,"column":40}},"loc":{"start":{"line":134,"column":52},"end":{"line":137,"column":3}},"line":134}},"branchMap":{"0":{"loc":{"start":{"line":8,"column":6},"end":{"line":16,"column":7}},"type":"if","locations":[{"start":{"line":8,"column":6},"end":{"line":16,"column":7}},{"start":{"line":8,"column":6},"end":{"line":16,"column":7}}],"line":8},"1":{"loc":{"start":{"line":11,"column":22},"end":{"line":11,"column":53}},"type":"binary-expr","locations":[{"start":{"line":11,"column":22},"end":{"line":11,"column":47}},{"start":{"line":11,"column":51},"end":{"line":11,"column":53}}],"line":11},"2":{"loc":{"start":{"line":23,"column":4},"end":{"line":41,"column":5}},"type":"if","locations":[{"start":{"line":23,"column":4},"end":{"line":41,"column":5}},{"start":{"line":23,"column":4},"end":{"line":41,"column":5}}],"line":23},"3":{"loc":{"start":{"line":31,"column":10},"end":{"line":38,"column":11}},"type":"if","locations":[{"start":{"line":31,"column":10},"end":{"line":38,"column":11}},{"start":{"line":31,"column":10},"end":{"line":38,"column":11}}],"line":31},"4":{"loc":{"start":{"line":35,"column":21},"end":{"line":35,"column":32}},"type":"binary-expr","locations":[{"start":{"line":35,"column":21},"end":{"line":35,"column":26}},{"start":{"line":35,"column":30},"end":{"line":35,"column":32}}],"line":35},"5":{"loc":{"start":{"line":51,"column":2},"end":{"line":53,"column":3}},"type":"if","locations":[{"start":{"line":51,"column":2},"end":{"line":53,"column":3}},{"start":{"line":51,"column":2},"end":{"line":53,"column":3}}],"line":51},"6":{"loc":{"start":{"line":59,"column":4},"end":{"line":79,"column":5}},"type":"if","locations":[{"start":{"line":59,"column":4},"end":{"line":79,"column":5}},{"start":{"line":59,"column":4},"end":{"line":79,"column":5}}],"line":59},"7":{"loc":{"start":{"line":64,"column":8},"end":{"line":71,"column":9}},"type":"if","locations":[{"start":{"line":64,"column":8},"end":{"line":71,"column":9}},{"start":{"line":64,"column":8},"end":{"line":71,"column":9}}],"line":64},"8":{"loc":{"start":{"line":65,"column":30},"end":{"line":65,"column":52}},"type":"binary-expr","locations":[{"start":{"line":65,"column":30},"end":{"line":65,"column":45}},{"start":{"line":65,"column":49},"end":{"line":65,"column":52}}],"line":65},"9":{"loc":{"start":{"line":66,"column":32},"end":{"line":66,"column":67}},"type":"binary-expr","locations":[{"start":{"line":66,"column":32},"end":{"line":66,"column":58}},{"start":{"line":66,"column":62},"end":{"line":66,"column":67}}],"line":66},"10":{"loc":{"start":{"line":123,"column":8},"end":{"line":127,"column":9}},"type":"if","locations":[{"start":{"line":123,"column":8},"end":{"line":127,"column":9}},{"start":{"line":123,"column":8},"end":{"line":127,"column":9}}],"line":123}},"s":{"0":2,"1":1,"2":1,"3":1,"4":0,"5":1,"6":1,"7":1,"8":0,"9":0,"10":0,"11":0,"12":0,"13":0,"14":0,"15":0,"16":0,"17":0,"18":0,"19":0,"20":0,"21":0,"22":0,"23":0,"24":0,"25":0,"26":0,"27":0,"28":0,"29":0,"30":0,"31":0,"32":0,"33":0,"34":0,"35":0,"36":0,"37":0,"38":0,"39":0,"40":0,"41":0,"42":0,"43":0,"44":0,"45":0,"46":0,"47":0,"48":0,"49":0,"50":0,"51":0},"f":{"0":1,"1":1,"2":1,"3":0,"4":0,"5":0,"6":0,"7":0,"8":0,"9":0,"10":0,"11":0,"12":0,"13":0,"14":0,"15":0,"16":0,"17":0,"18":0},"b":{"0":[0,1],"1":[1,0],"2":[0,0],"3":[0,0],"4":[0,0],"5":[0,0],"6":[0,0],"7":[0,0],"8":[0,0],"9":[0,0],"10":[0,0]},"_coverageSchema":"332fd63041d2c1bcb487cc26dd0d5f7d97098a6c","hash":"8632881527dadb0793cde0a23d01d3d643714d87"}
}
