TN:
SF:/Users/joshua/non-work-dev/read-queue/__testSetup__/index.js
FNF:0
FNH:0
DA:1,2
LF:1
LH:1
BRF:0
BRH:0
end_of_record
TN:
SF:/Users/joshua/non-work-dev/read-queue/__testSetup__/polyfills.js
FNF:0
FNH:0
DA:1,2
LF:1
LH:1
BRF:0
BRH:0
end_of_record
TN:
SF:/Users/joshua/non-work-dev/read-queue/src/actions/index.js
FN:9,addTabToQueue
FN:22,getQueue
FN:34,clearQueue
FN:46,removeTabFromQueue
FNF:4
FNH:4
FNDA:1,addTabToQueue
FNDA:1,getQueue
FNDA:1,clearQueue
FNDA:1,removeTabFromQueue
DA:4,1
DA:5,1
DA:6,1
DA:7,1
DA:10,1
DA:11,1
DA:17,1
DA:18,1
DA:19,1
DA:20,1
DA:23,1
DA:29,1
DA:30,1
DA:31,1
DA:32,1
DA:35,1
DA:41,1
DA:42,1
DA:43,1
DA:44,1
DA:47,1
LF:21
LH:21
BRF:0
BRH:0
end_of_record
TN:
SF:/Users/joshua/non-work-dev/read-queue/src/utils/queue.js
FN:5,getChromeQueue
FN:6,(anonymous_1)
FN:7,(anonymous_2)
FN:21,saveChromeQueue
FN:22,(anonymous_4)
FN:30,(anonymous_5)
FN:45,clearChromeQueue
FN:49,getTitle
FN:57,followRedirects
FN:58,(anonymous_9)
FN:63,(anonymous_10)
FN:83,addAndSaveQueue
FN:105,removeTabAndSaveQueue
FN:109,(anonymous_13)
FN:116,getActiveTab
FN:117,(anonymous_15)
FN:122,(anonymous_16)
FN:133,addQueueChangeListener
FN:134,(anonymous_18)
FNF:19
FNH:3
FNDA:1,getChromeQueue
FNDA:1,(anonymous_1)
FNDA:1,(anonymous_2)
FNDA:0,saveChromeQueue
FNDA:0,(anonymous_4)
FNDA:0,(anonymous_5)
FNDA:0,clearChromeQueue
FNDA:0,getTitle
FNDA:0,followRedirects
FNDA:0,(anonymous_9)
FNDA:0,(anonymous_10)
FNDA:0,addAndSaveQueue
FNDA:0,removeTabAndSaveQueue
FNDA:0,(anonymous_13)
FNDA:0,getActiveTab
FNDA:0,(anonymous_15)
FNDA:0,(anonymous_16)
FNDA:0,addQueueChangeListener
FNDA:0,(anonymous_18)
DA:3,2
DA:6,1
DA:7,1
DA:8,1
DA:9,0
DA:11,1
DA:12,1
DA:15,1
DA:22,0
DA:23,0
DA:24,0
DA:26,0
DA:31,0
DA:32,0
DA:34,0
DA:37,0
DA:46,0
DA:50,0
DA:51,0
DA:52,0
DA:54,0
DA:58,0
DA:59,0
DA:60,0
DA:62,0
DA:63,0
DA:64,0
DA:65,0
DA:66,0
DA:67,0
DA:73,0
DA:74,0
DA:75,0
DA:77,0
DA:85,0
DA:88,0
DA:91,0
DA:99,0
DA:102,0
DA:107,0
DA:109,0
DA:111,0
DA:113,0
DA:117,0
DA:118,0
DA:123,0
DA:124,0
DA:126,0
DA:134,0
DA:135,0
DA:136,0
LF:51
LH:7
BRDA:8,0,0,0
BRDA:8,0,1,1
BRDA:11,1,0,1
BRDA:11,1,1,0
BRDA:23,2,0,0
BRDA:23,2,1,0
BRDA:31,3,0,0
BRDA:31,3,1,0
BRDA:35,4,0,0
BRDA:35,4,1,0
BRDA:51,5,0,0
BRDA:51,5,1,0
BRDA:59,6,0,0
BRDA:59,6,1,0
BRDA:64,7,0,0
BRDA:64,7,1,0
BRDA:65,8,0,0
BRDA:65,8,1,0
BRDA:66,9,0,0
BRDA:66,9,1,0
BRDA:123,10,0,0
BRDA:123,10,1,0
BRF:22
BRH:2
end_of_record
